make.exe all --print-data-base --no-builtin-variables --no-builtin-rules --question
make: *** No rule to make target 'all'.  Stop.

# GNU Make 4.3
# Built for x86_64-pc-msys
# Copyright (C) 1988-2020 Free Software Foundation, Inc.
# License GPLv3+: GNU GPL version 3 or later <http://gnu.org/licenses/gpl.html>
# This is free software: you are free to change and redistribute it.
# There is NO WARRANTY, to the extent permitted by law.

# Make data base, printed on Sat Jun 25 00:33:35 2022

# Variables

# environment
SYSTEMDRIVE = C:
# environment
LC_ALL = C
# environment
OMP_WAIT_POLICY = PASSIVE
# environment
USERPROFILE = C:\Users\ltkli
# environment
VBOX_MSI_INSTALL_PATH = C:\Program Files\Oracle\VirtualBox\
# environment
 
WIXTOOLPATH = C:\Users\ltkli\scoop\apps\wixtoolset\current
# environment
LOCALAPPDATA = C:\Users\ltkli\AppData\Local
# environment
VSCODE_IPC_HOOK_EXTHOST = \\.\pipe\vscode-ipc-51e753ad-dbce-45e6-af22-72c77f4db6f0-sock
# environment
VSCODE_CWD = C:\Users\ltkli\AppData\Local\Programs\Microsoft VS Code
# environment
CHOCOLATEYINSTALL = C:\ProgramData\chocolatey
# environment
SYSTEMROOT = C:\WINDOWS
# environment
PROCESSOR_LEVEL = 6
# environment
PSMODULEPATH = C:\Program Files\WindowsPowerShell\Modules;C:\WINDOWS\system32\WindowsPowerShell\v1.0\Modules
# default
MAKE_COMMAND := make
# automatic
@D = $(patsubst %/,%,$(dir $@))
# environment
CHROME_CRASHPAD_PIPE_NAME = \\.\pipe\crashpad_9660_QEJPNNMSUPZFOYQF
# environment
VSCODE_HANDLES_UNCAUGHT_ERRORS = true
# default
.VARIABLES := 
# automatic
%D = $(patsubst %/,%,$(dir $%))
# automatic
^D = $(patsubst %/,%,$(dir $^))
# environment
VSCODE_LOG_STACK = false
# automatic
%F = $(notdir $%)
# environment
GIT_INSTALL_ROOT = C:\Users\ltkli\scoop\apps\git\current
# environment
VSCODE_CODE_CACHE_PATH = C:\Users\ltkli\AppData\Roaming\Code\CachedData\30d9c6cd9483b2cc586687151bcbcd635f373630
# environment
LANG = C
# default
.LOADED := 
# environment
TMP = /cygdrive/c/Users/ltkli/AppData/Local/Temp
# makefile
MAKEFLAGS = pqrR
# environment
ONEDRIVE = C:\Users\ltkli\OneDrive
# environment
POWERSHELL_DISTRIBUTION_CHANNEL = MSI:Windows 10 Home
# makefile
CURDIR := /cygdrive/c/Users/ltkli/OneDrive/Documents/GitHub/Robotics-team-coding-repo
# environment
VSCODE_PIPE_LOGGING = true
# environment
APPLICATION_INSIGHTS_NO_DIAGNOSTIC_CHANNEL = true
# automatic
*D = $(patsubst %/,%,$(dir $*))
# environment
PROGRAMFILES = C:\Program Files
# environment
KMP_BLOCKTIME = 0
# environment
MFLAGS = -pqrR
# default
.SHELLFLAGS := -c
# environment
!C: = c:\Users\ltkli\OneDrive\Documents\GitHub\Robotics-team-coding-repo
# environment
COMMONPROGRAMW6432 = C:\Program Files\Common Files
# automatic
+D = $(patsubst %/,%,$(dir $+))
# makefile
MAKEFILE_LIST := 
# automatic
@F = $(notdir $@)
# environment
VSCODE_VERBOSE_LOGGING = true
# environment
VSCODE_PID = 9660
# automatic
?D = $(patsubst %/,%,$(dir $?))
# automatic
*F = $(notdir $*)
# automatic
<D = $(patsubst %/,%,$(dir $<))
# environment
VSCODE_NLS_CONFIG = {"locale":"en-us","availableLanguages":{},"_languagePackSupport":true}
# environment
ONEDRIVECONSUMER = C:\Users\ltkli\OneDrive
# default
MAKE_HOST := x86_64-pc-msys
# environment
PROGRAMDATA = C:\ProgramData
# default
SHELL := /bin/sh
# environment
HOMEPATH = \Users\ltkli
# default
MAKECMDGOALS := all
# environment
DRIVERDATA = C:\Windows\System32\Drivers\DriverData
# environment
COMSPEC = C:\WINDOWS\system32\cmd.exe
# environment
WINDIR = C:\WINDOWS
# environment
MAKELEVEL := 0
# environment
VSCODE FLAGS = --no-sentry --no-analytics
# default
MAKE = $(MAKE_COMMAND)
# environment
PATH = /cygdrive/c/Program Files/ImageMagick-7.1.0-Q16-HDRI:/cygdrive/c/Program Files/Common Files/Oracle/Java/javapath:/cygdrive/c/Program Files (x86)/Common Files/Oracle/Java/javapath:/cygdrive/c/Users/ltkli/AppData/Local/Programs/Python/Python39/Scripts:/cygdrive/c/Users/ltkli/AppData/Local/Programs/Python/Python39:/cygdrive/c/Python310/Scripts:/cygdrive/c/Python310:/cygdrive/c/Python38/Scripts:/cygdrive/c/Python38:/cygdrive/c/WINDOWS/system32:/cygdrive/c/WINDOWS:/cygdrive/c/WINDOWS/System32/Wbem:/cygdrive/c/WINDOWS/System32/WindowsPowerShell/v1.0:/cygdrive/c/WINDOWS/System32/OpenSSH:/cygdrive/c/Program Files/Microsoft SQL Server/130/Tools/Binn:/cygdrive/c/ProgramData/chocolatey/bin:/cygdrive/c/Program Files/Intel/WiFi/bin:/cygdrive/c/Program Files/Common Files/Intel/WirelessCommon:/cygdrive/c/tools/Manim/Scripts:/cygdrive/c/Program Files (x86)/PowerShell/7:/cygdrive/c/Program Files/dotnet:/cygdrive/c/Program Files/MiKTeX/miktex/bin/x64:/cygdrive/c/Program Files/Git/cmd:/cygdrive/c/Program Files/PowerShell/7:/cygdrive/c/Program Files/nodejs:/cygdrive/c/Users/ltkli/scoop/shims:/cygdrive/c/Users/ltkli/AppData/Local/Microsoft/WindowsApps:/cygdrive/c/Users/ltkli/AppData/Local/GitHubDesktop/bin:/cygdrive/c/Users/ltkli/AppData/Local/Programs/Microsoft VS Code/bin:/cygdrive/c/Program Files/JetBrains/PyCharm Community Edition 2021.2.3/bin:/cygdrive/c/Users/ltkli/AppData/Local/Programs/MiKTeX/miktex/bin/x64:/cygdrive/c/Users/ltkli/spicetify-cli:/cygdrive/c/Users/ltkli/AppData/Local/Microsoft/WindowsApps:/cygdrive/c/Users/ltkli/AppData/Roaming/npm:/cygdrive/c/Users/ltkli/AppData/Roaming/Code/User/globalStorage/sigbots.pros/install/pros-cli-windows:/usr/bin
# environment
COMPUTERNAME = WINDOWS-LTKLION
# default
MAKEFILES := 
# automatic
^F = $(notdir $^)
# environment
PROMPT = $P$G
# environment
CHOCOLATEYLASTPATHUPDATE = 132931764323938126
# environment
LOGONSERVER = \\WINDOWS-LTKLION
# environment
VSCODE_LOG_NATIVE = false
# environment
USERNAME = ltkli
# environment
COMMONPROGRAMFILES = C:\Program Files\Common Files
# automatic
?F = $(notdir $?)
# environment
PROGRAMW6432 = C:\Program Files
# environment
PATHEXT = .COM;.EXE;.BAT;.CMD;.VBS;.VBE;.JS;.JSE;.WSF;.WSH;.MSC;.PY;.PYW
# automatic
+F = $(notdir $+)
# environment
ORIGINAL_XDG_CURRENT_DESKTOP = undefined
# environment
USERDOMAIN = WINDOWS-LTKLION
# 'override' directive
GNUMAKEFLAGS := 
# environment
OS = Windows_NT
# environment
PROS_TOOLCHAIN = c:\Users\ltkli\AppData\Roaming\Code\User\globalStorage\sigbots.pros\install\pros-toolchain-windows\usr
# makefile
.DEFAULT_GOAL := 
# default
MAKE_VERSION := 4.3
# environment
PROGRAMFILES(X86) = C:\Program Files (x86)
# environment
GREP = find
# environment
USERDOMAIN_ROAMINGPROFILE = WINDOWS-LTKLION
# environment
NUMBER_OF_PROCESSORS = 2
# environment
PUBLIC = C:\Users\Public
# environment
APPDATA = C:\Users\ltkli\AppData\Roaming
# environment
HOMEDRIVE = C:
# environment
PROCESSOR_ARCHITECTURE = AMD64
# environment
PYCHARM COMMUNITY EDITION = C:\Program Files\JetBrains\PyCharm Community Edition 2021.2.3\bin;
# environment
VSCODE_AMD_ENTRYPOINT = vs/workbench/api/node/extensionHostProcess
# environment
HOME = /home/ltkli
# environment
COMMONPROGRAMFILES(X86) = C:\Program Files (x86)\Common Files
# environment
ELECTRON_RUN_AS_NODE = 1
# environment
TEMP = /cygdrive/c/Users/ltkli/AppData/Local/Temp
# environment
VSCODE_IPC_HOOK = \\.\pipe\977684398681d75a8656f274f06c88bb-1.68.1-main-sock
# environment
TERM = xterm-256color
# default
.RECIPEPREFIX := 
# automatic
<F = $(notdir $<)
# default
SUFFIXES := 
# environment
ALLUSERSPROFILE = C:\ProgramData
# default
.FEATURES := target-specific order-only second-expansion else-if shortest-stem undefine oneshell nocomment grouped-target extra-prereqs archives jobserver output-sync check-symlink load
# environment
PROCESSOR_REVISION = 4501
# environment
CHOCOLATEYTOOLSLOCATION = C:\tools
# environment
PROCESSOR_IDENTIFIER = Intel64 Family 6 Model 69 Stepping 1, GenuineIntel
# variable set hash-table stats:
# Load=106/1024=10%, Rehash=0, Collisions=12/127=9%

# Pattern-specific Variable Values

# No pattern-specific variable values.

# Directories

# . (device 2792054798, inode 1970324838075934): 10 files, no impossibilities.

# 10 files, no impossibilities in 1 directories.

# Implicit Rules

# No implicit rules.

# Files

# Not a target:
Makefile:
#  Implicit rule search has been done.
#  File does not exist.
#  File has been updated.
#  Failed to be updated.

# Not a target:
.DEFAULT:
#  Implicit rule search has not been done.
#  Modification time never checked.
#  File has not been updated.

# Not a target:
all:
#  Command line target.
#  Implicit rule search has been done.
#  File does not exist.
#  File has not been updated.

# Not a target:
makefile:
#  Implicit rule search has been done.
#  File does not exist.
#  File has been updated.
#  Failed to be updated.

# Not a target:
GNUmakefile:
#  Implicit rule search has been done.
#  File does not exist.
#  File has been updated.
#  Failed to be updated.

# files hash-table stats:
# Load=6/1024=1%, Rehash=0, Collisions=0/15=0%
# VPATH Search Paths

# No 'vpath' search paths.

# No general ('VPATH' variable) search path.

# strcache buffers: 1 (0) / strings = 16 / storage = 123 B / avg = 7 B
# current buf: size = 8162 B / used = 123 B / count = 16 / avg = 7 B

# strcache performance: lookups = 18 / hit rate = 11%
# hash-table stats:
# Load=16/8192=0%, Rehash=0, Collisions=0/18=0%
# Finished Make data base on Sat Jun 25 00:33:35 2022

 
